<?xml version="1.0" encoding="UTF-8"?>
<!-- Generated by org.testng.reporters.JUnitXMLReporter -->
<testsuite hostname="DESKTOP-T54L12J" ignored="0" name="Default test" tests="1" failures="1" timestamp="2019-12-27T21:02:41 EST" time="1.532" errors="0">
  <testcase name="yamlvalidationtest" time="1.173" classname="yamlvalidations.yamlvalidation">
    <failure type="com.fasterxml.jackson.core.JsonParseException" message="Unexpected character (&amp;apos;d&amp;apos; (code 100)): expected a valid value (number, String, array, object, &amp;apos;true&amp;apos;, &amp;apos;false&amp;apos; or &amp;apos;null&amp;apos;)
 at [Source: C:\Users\JO\eclipse-advanceworkspace\Jira-RestApis\src\main\resources\empolyee.yaml; line: 1, column: 3]">
      <![CDATA[com.fasterxml.jackson.core.JsonParseException: Unexpected character ('d' (code 100)): expected a valid value (number, String, array, object, 'true', 'false' or 'null')
 at [Source: C:\Users\JO\eclipse-advanceworkspace\Jira-RestApis\src\main\resources\empolyee.yaml; line: 1, column: 3]
at com.fasterxml.jackson.core.JsonParser._constructError(JsonParser.java:1369)
at com.fasterxml.jackson.core.base.ParserMinimalBase._reportError(ParserMinimalBase.java:532)
at com.fasterxml.jackson.core.base.ParserMinimalBase._reportUnexpectedChar(ParserMinimalBase.java:453)
at com.fasterxml.jackson.core.json.UTF8StreamJsonParser._handleUnexpectedValue(UTF8StreamJsonParser.java:2278)
at com.fasterxml.jackson.core.json.UTF8StreamJsonParser._nextTokenNotInObject(UTF8StreamJsonParser.java:779)
at com.fasterxml.jackson.core.json.UTF8StreamJsonParser.nextToken(UTF8StreamJsonParser.java:665)
at com.fasterxml.jackson.databind.ObjectMapper._initForReading(ObjectMapper.java:2926)
at com.fasterxml.jackson.databind.ObjectMapper._readMapAndClose(ObjectMapper.java:2873)
at com.fasterxml.jackson.databind.ObjectMapper.readValue(ObjectMapper.java:1988)
at yamlvalidations.yamlvalidation.yamlvalidationtest(yamlvalidation.java:36)
at sun.reflect.NativeMethodAccessorImpl.invoke0(Native Method)
at sun.reflect.NativeMethodAccessorImpl.invoke(NativeMethodAccessorImpl.java:62)
at sun.reflect.DelegatingMethodAccessorImpl.invoke(DelegatingMethodAccessorImpl.java:43)
at java.lang.reflect.Method.invoke(Method.java:498)
at org.testng.internal.MethodInvocationHelper.invokeMethod(MethodInvocationHelper.java:133)
at org.testng.internal.TestInvoker.invokeMethod(TestInvoker.java:584)
at org.testng.internal.TestInvoker.invokeTestMethod(TestInvoker.java:172)
at org.testng.internal.MethodRunner.runInSequence(MethodRunner.java:46)
at org.testng.internal.TestInvoker$MethodInvocationAgent.invoke(TestInvoker.java:804)
at org.testng.internal.TestInvoker.invokeTestMethods(TestInvoker.java:145)
at org.testng.internal.TestMethodWorker.invokeTestMethods(TestMethodWorker.java:146)
at org.testng.internal.TestMethodWorker.run(TestMethodWorker.java:128)
at java.util.ArrayList.forEach(ArrayList.java:1257)
at org.testng.TestRunner.privateRun(TestRunner.java:770)
at org.testng.TestRunner.run(TestRunner.java:591)
at org.testng.SuiteRunner.runTest(SuiteRunner.java:402)
at org.testng.SuiteRunner.runSequentially(SuiteRunner.java:396)
at org.testng.SuiteRunner.privateRun(SuiteRunner.java:355)
at org.testng.SuiteRunner.run(SuiteRunner.java:304)
at org.testng.SuiteRunnerWorker.runSuite(SuiteRunnerWorker.java:53)
at org.testng.SuiteRunnerWorker.run(SuiteRunnerWorker.java:96)
at org.testng.TestNG.runSuitesSequentially(TestNG.java:1180)
at org.testng.TestNG.runSuitesLocally(TestNG.java:1102)
at org.testng.TestNG.runSuites(TestNG.java:1032)
at org.testng.TestNG.run(TestNG.java:1000)
at org.testng.remote.AbstractRemoteTestNG.run(AbstractRemoteTestNG.java:115)
at org.testng.remote.RemoteTestNG.initAndRun(RemoteTestNG.java:251)
at org.testng.remote.RemoteTestNG.main(RemoteTestNG.java:77)
]]>
    </failure>
  </testcase> <!-- yamlvalidationtest -->
</testsuite> <!-- Default test -->
